
OBD power on
þQL100 v1.2 Receiving CMD...

AT--->BT+INFO.EID

BT+INFO.EID


obd can't get pids

AT--->BT+RDTC

BT+RDTC

RDTC:000

AT--->BT+EDTC

BT+EDTC

CLEAR:SUCCESS
EDTC:000

AT--->BT+MIL

BT+MIL

MIL:OFF

AT--->BT+PIDS

BT+PIDS

PIDS:025,&01&03&04&05&06&07&0C&0D&0E&0F&10&11&13&14&15&1C&20&21&90&91&93&94&95&96&97

AT--->BT+DATA.AD_FEH

BT+DATA.AD_FEH

AD_FEH: 0.000l/100km

AT--->BT+DATA.VSS

BT+DATA.VSS

VSS: 0km/h

AT--->BT+MUL=&01&03&04&05&06&07&0B&0C&0D&0E

BT+MUL=&01&03&04&05&06&07&0B&0C&0D&0E

MUL:&&Fuel Sys1: CL,Fuel Sys2: N/A&Load: 32.5%&ECT: 87ßC&SHRTFT1: -0.8%&LONGFT1: -7.0%&N/A&RPM: 675&VSS: 0km/h&Spark Adv: 8.0

AT--->BT+MUL=&0F&11&13&14&15&1C&20&21&40&47

BT+MUL=&0F&11&13&14&15&1C&20&21&40&47

MUL:&IAT: 58ßC&TPS: 3.9%&&O2 B1S1: 0.080V,O2 B1S1: 0.8%&O2 B1S2: 0.220V,O2 B1S2: 99.2%&OBDSUP: EOBD&&MIL_dist: 0km&&N/A

AT--->BT+MUL=&90&93&94&95&96

BT+MUL=&90&93&94&95&96

Error:008

AT--->BT+INFO.VIN

BT+INFO.VIN


AT--->BT+INFO.EID

BT+INFO.EID

INFO.EID:1EX84A          

AT--->BT+SPWR

BT+SPWR

SPWR:13.75V

OBD power off

OBD power on
þQL100 v1.2 Receiving CMD...

AT--->BT+RDTC

BT+RDTC

RDTC:000

AT--->BT+EDTC

BT+EDTC

CLEAR:SUCCESS
EDTC:000

AT--->BT+MIL

BT+MIL

MIL:OFF

AT--->BT+PIDS

BT+PIDS

PIDS:025,&01&03&04&05&06&07&0C&0D&0E&0F&10&11&13&14&15&1C&20&21&90&91&93&94&95&96&97

pid num is :25 -- 

AT--->BT+RDTC

BT+RDTC

RDTC:000
