
OBD power on
þQL100 v1.2 Receiving CMD...

AT--->BT+RDTC



AT--->BT+EDTC


RDTC:000

AT--->BT+MIL


MIL:OFF

AT--->BT+EDTC


CLEAR:SUCCESS
EDTC:000

AT--->BT+EDTC


CLEAR:SUCCESS
EDTC:000

AT--->BT+PIDS


PIDS:025,&01&03&04&05&06&07&0C&0D&0E&0F&10&11&13&14&15&1C&20&21&90&91&93&94&95&96&97

pid num is :25 --> 3 

buf :&01&03&04&05&06&07&0C&0D&0E&0F&10&11&13&14&15&1C&20&21&90&91&93&94&95&96&97

current str len : index2  :    D -->    A

cmd 0  --> BT+MUL=&01&03&04&05&06&07&0C&0D&0E&0F

cmd 1  --> BT+MUL=&10&11&13&14&15&1C&20&21&90&91


cmd 2  --> BT+MUL=&93&94&95&96&97

AT--->BT+MUL=&01&03&04&05&06&07&0C&0D&0E&0F


MUL:&&Fuel Sys1: CL,Fuel Sys2: N/A&Load: 23.9%&ECT: 75ßC&SHRTFT1: -2.3%&LONGFT1: -3.9%&RPM: 713
AT--->BT+MUL=&10&11&13&14&15&1C&20&21


&VSS: 0km/h&Spark Adv: 8.0&IAT: 52ßC
MUL:&MAF: 2.79g/s&TPS: 4.3%&&O2 B1S1: 0.110V,O2 B1S1: 0.8%&O2 B1S2: 0.290V,O2 B1S2: 99.2%
AT--->BT+MUL=&90


&OBDSUP: EOBD&&MIL_dist: 0km
Error:008

AT--->BT+MUL=&91


Error:008

AT--->BT+MUL=&93


Error:008

AT--->BT+MUL=&94


Error:008

AT--->BT+MUL=&95


Error:008

AT--->BT+MUL=&96


Error:008

AT--->BT+MUL=&97


Error:008

AT--->BT+DADA.IFE


Error:002

AT--->BT+DADA.WHP


Error:002

AT--->BT+DADA.AD_Mil


Error:002

AT--->BT+DADA.AD_Accel


Error:002

AT--->BT+DADA.FEH


Error:002

AT--->BT+MUL=&01&03&04&05&06&07&0C&0D&0E&0F


MUL:&&Fuel Sys1: CL,Fuel Sys2: N/A&Load: 31.8%&ECT: 81ßC&SHRTFT1: -0.8%&LONGFT1: -7.0%&RPM: 713
AT--->BT+MUL=&10&11&13&14&15&1C&20&21


&VSS: 0km/h&Spark Adv: 7.0&IAT: 52ßC
MUL:&MAF: 3.68g/s&TPS: 3.9%&&O2 B1S1: 0.800V,O2 B1S1: 1.6%&O2 B1S2: 0.290V,O2 B1S2: 99.2%
AT--->BT+MUL=&90


&OBDSUP: EOBD&&MIL_dist: 0km
Error:008

AT--->BT+MUL=&91


Error:008

AT--->BT+MUL=&93


Error:008

AT--->BT+MUL=&94


Error:008

AT--->BT+MUL=&95


Error:008

AT--->BT+MUL=&96


Error:008

AT--->BT+MUL=&97


Error:008

AT--->BT+DADA.IFE


Error:002

AT--->BT+DADA.WHP


Error:002

AT--->BT+DADA.AD_Mil


Error:002

AT--->BT+DADA.AD_Accel


Error:002

AT--->BT+DADA.FEH


Error:002

AT--->BT+MUL=&01&03&04&05&06&07&0C&0D&0E&0F


MUL:&&Fuel Sys1: CL,Fuel Sys2: N/A&Load: 31.8%&ECT: 85ßC&SHRTFT1: 1.6%&LONGFT1: -7.0%&RPM: 700
AT--->BT+MUL=&10&11&13&14&15&1C&20&21


&VSS: 0km/h&Spark Adv: 8.0&IAT: 52ßC
MUL:&MAF: 3.67g/s&TPS: 3.9%&&O2 B1S1: 0.360V,O2 B1S1: 3.9%&O2 B1S2: 0.290V,O2 B1S2: 99.2%
AT--->BT+MUL=&90


&OBDSUP: EOBD&&MIL_dist: 0km
Error:008

AT--->BT+MUL=&91


Error:008

AT--->BT+MUL=&93


Error:008

AT--->BT+MUL=&94


Error:008

AT--->BT+MUL=&95


Error:008

AT--->BT+MUL=&96


Error:008

AT--->BT+MUL=&97


Error:008
