
OBD power off

OBD power on
þQL100 v1.2 Receiving CMD...

AT--->BT+RDTC


RDTC:000

AT--->BT+EDTC


CLEAR:SUCCESS
EDTC:000

AT--->BT+MIL


MIL:OFF

AT--->BT+EDTC


CLEAR:SUCCESS
EDTC:000

AT--->BT+EDTC


CLEAR:SUCCESS
EDTC:000

AT--->BT+PIDS


PIDS:025,&01&03&04&05&06&07&0C&0D&0E&0F&10&11&13&14&15&1C&20&21&90&91&93&94&95&96&97

pid num is :25 --> 3 

buf :&01&03&04&05&06&07&0C&0D&0E&0F&10&11&13&14&15&1C&20&21&90&91&93&94&95&96&97

current str len : index2  :    D -->    A

cmd 0  --> BT+MUL=&01&03&04&05&06&07&0C&0D&0E&0F

cmd 1  --> BT+MUL=&10&11&13&14&15&1C&20&21&90&91


cmd 2  --> BT+MUL=&93&94&95&96&97

AT--->BT+MUL=&01&03&04&05&06&07&0C&0D&0E&0F


MUL:&&Fuel Sys1: CL,Fuel Sys2: N/A&Load: 32.2%&ECT: 86ßC&SHRTFT1: 0.0%&LONGFT1: -7.0%&RPM: 700&VSS: 0km/h&Spark Adv: 8.0&IAT: 55ßC

AT--->BT+MUL=&10&11&13&14&15&1C&20&21


MUL:&MAF: 3.83g/s&TPS: 3.9%&&O2 B1S1: 0.070V,O2 B1S1: 1.6%&O2 B1S2: 0.290V,O2 B1S2: 99.2%&OBDSUP: EOBD&&MIL_dist: 0km

AT--->BT+DADA.IFE


Error:002

AT--->BT+DADA.WHP


Error:002

AT--->BT+DADA.AD_Mil


Error:002

AT--->BT+DADA.AD_Accel


Error:002

AT--->BT+DADA.FEH


Error:002

AT--->BT+MUL=&01&03&04&05&06&07&0C&0D&0E&0F


MUL:&&Fuel Sys1: CL,Fuel Sys2: N/A&Load: 32.2%&ECT: 86ßC&SHRTFT1: 3.1%&LONGFT1: -7.0%&RPM: 700&VSS: 0km/h&Spark Adv: 8.0&IAT: 56ßC

AT--->BT+MUL=&10&11&13&14&15&1C&20&21


MUL:&MAF: 3.61g/s&TPS: 3.9%&&O2 B1S1: 0.070V,O2 B1S1: 0.8%&O2 B1S2: 0.290V,O2 B1S2: 99.2%&OBDSUP: EOBD&&MIL_dist: 0km

AT--->BT+DADA.IFE


Error:002

AT--->BT+DADA.WHP


Error:002

AT--->BT+DADA.AD_Mil


Error:002

AT--->BT+DADA.AD_Accel


Error:002

AT--->BT+DADA.FEH


Error:002

AT--->BT+MUL=&01&03&04&05&06&07&0C&0D&0E&0F


MUL:&&Fuel Sys1: CL,Fuel Sys2: N/A&Load: 42.0%&ECT: 86ßC&SHRTFT1: -1.6%&LONGFT1: 0.0%&RPM: 2963&VSS: 0km/h&Spark Adv: 27.0&IAT: 56ßC

AT--->BT+MUL=&10&11&13&14&15&1C&20&21


MUL:&MAF: 6.68g/s&TPS: 5.1%&&O2 B1S1: 0.810V,O2 B1S1: -7.8%&O2 B1S2: 0.300V,O2 B1S2: 99.2%&OBDSUP: EOBD&&MIL_dist: 0km

AT--->BT+DADA.IFE


Error:002

AT--->BT+DADA.WHP


Error:002

AT--->BT+DADA.AD_Mil


Error:002

AT--->BT+DADA.AD_Accel


Error:002

AT--->BT+DADA.FEH


Error:002

AT--->BT+MUL=&01&03&04&05&06&07&0C&0D&0E&0F


MUL:&&Fuel Sys1: CL,Fuel Sys2: N/A&Load: 32.5%&ECT: 88ßC&SHRTFT1: 0.8%&LONGFT1: -7.0%&RPM: 700&VSS: 0km/h&Spark Adv: 7.0&IAT: 57ßC

AT--->BT+MUL=&10&11&13&14&15&1C&20&21


MUL:&MAF: 3.76g/s&TPS: 3.9%&&O2 B1S1: 0.590V,O2 B1S1: 0.0%&O2 B1S2: 0.280V,O2 B1S2: 99.2%&OBDSUP: EOBD&&MIL_dist: 0km

AT--->BT+DADA.IFE


Error:002

AT--->BT+DADA.WHP


Error:002

AT--->BT+DADA.AD_Mil


Error:002

AT--->BT+DADA.AD_Accel


Error:002

AT--->BT+DADA.FEH


Error:002

AT--->BT+MUL=&01&03&04&05&06&07&0C&0D&0E&0F


MUL:&&Fuel Sys1: CL,Fuel Sys2: N/A&Load: 32.2%&ECT: 87ßC&SHRTFT1: -0.8%&LONGFT1: -7.0%&RPM: 700&VSS: 0km/h&Spark Adv: 7.0&IAT: 58ßC

AT--->BT+MUL=&10&11&13&14&15&1C&20&21


MUL:&MAF: 3.83g/s&TPS: 3.9%&&O2 B1S1: 0.080V,O2 B1S1: 0.8%&O2 B1S2: 0.280V,O2 B1S2: 99.2%&OBDSUP: EOBD&&MIL_dist: 0km

AT--->BT+DADA.IFE


Error:002

AT--->BT+DADA.WHP


Error:002

AT--->BT+DADA.AD_Mil


Error:002

AT--->BT+DADA.AD_Accel


Error:002

AT--->BT+DADA.FEH


Error:002

AT--->BT+MUL=&01&03&04&05&06&07&0C&0D&0E&0F


MUL:&&Fuel Sys1: CL,Fuel Sys2: N/A&Load: 32.5%&ECT: 87ßC&SHRTFT1: 2.3%&LONGFT1: -7.0%&RPM: 688&VSS: 0km/h&Spark Adv: 8.0&IAT: 59ßC

AT--->BT+MUL=&10&11&13&14&15&1C&20&21


MUL:&MAF: 3.90g/s&TPS: 3.9%&&O2 B1S1: 0.070V,O2 B1S1: 0.8%&O2 B1S2: 0.270V,O2 B1S2: 99.2%&OBDSUP: EOBD&&MIL_dist: 0km

AT--->BT+DADA.IFE


Error:002

AT--->BT+DADA.WHP


Error:002

AT--->BT+DADA.AD_Mil


Error:002

AT--->BT+DADA.AD_Accel


Error:002

AT--->BT+DADA.FEH


Error:002

AT--->BT+MUL=&01&03&04&05&06&07&0C&0D&0E&0F


MUL:&&Fuel Sys1: CL,Fuel Sys2: N/A&Load: 32.2%&ECT: 87ßC&SHRTFT1: -0.8%&LONGFT1: -7.0%&RPM: 700&VSS: 0km/h&Spark Adv: 8.0&IAT: 59ßC

AT--->BT+MUL=&10&11&13&14&15&1C&20&21


MUL:&MAF: 3.67g/s&TPS: 3.9%&&O2 B1S1: 0.110V,O2 B1S1: 1.6%&O2 B1S2: 0.260V,O2 B1S2: 99.2%&OBDSUP: EOBD&&MIL_dist: 0km
